<?xml version="1.0" encoding="UTF-8"?>
<!-- Generated by org.testng.reporters.JUnitReportReporter -->
<testsuite skipped="0" hostname="LAPTOP-MHPMHPJB" name="logintests.loginTests" tests="2" failures="0" timestamp="2021-09-27T14:43:16 IST" time="0.013" errors="0">
  <testcase name="invalidlogintest" time="0.011" classname="logintests.loginTests"/>
  <system-out/>
  <testcase name="validlogintest" time="0.002" classname="logintests.loginTests"/>
  <system-out/>
</testsuite> <!-- logintests.loginTests -->
