<?xml version="1.0" encoding="UTF-8"?>
<!-- Generated by org.testng.reporters.JUnitReportReporter -->
<testsuite skipped="0" hostname="LAPTOP-MHPMHPJB" name="logintests.UdemyLogin" tests="1" failures="0" timestamp="2021-09-27T14:29:17 IST" time="3.502" errors="0">
  <testcase name="doLogin" time="3.502" classname="logintests.UdemyLogin"/>
  <system-out/>
</testsuite> <!-- logintests.UdemyLogin -->
