<?xml version="1.0" encoding="UTF-8"?>
<!-- Generated by org.testng.reporters.JUnitReportReporter -->
<testsuite skipped="0" hostname="LAPTOP-MHPMHPJB" name="logintests.ComparisionTC" tests="1" failures="0" timestamp="2021-09-27T14:43:16 IST" time="0.001" errors="0">
  <testcase name="f" time="0.001" classname="logintests.ComparisionTC"/>
  <system-out/>
</testsuite> <!-- logintests.ComparisionTC -->
