<?xml version="1.0" encoding="UTF-8"?>
<!-- Generated by org.testng.reporters.JUnitReportReporter -->
<testsuite hostname="LAPTOP-MHPMHPJB" failures="0" tests="2" name="logintests.loginTests" time="0.010" errors="0" timestamp="27 Sep 2021 09:21:21 GMT" skipped="0">
  <testcase classname="logintests.loginTests" name="validlogintest" time="0.000"/>
  <testcase classname="logintests.loginTests" name="invalidlogintest" time="0.010"/>
</testsuite> <!-- logintests.loginTests -->
