<?xml version="1.0" encoding="UTF-8"?>
<!-- Generated by org.testng.reporters.JUnitReportReporter -->
<testsuite hostname="LAPTOP-MHPMHPJB" failures="0" tests="1" name="logintests.ComparisionTC" time="0.000" errors="0" timestamp="27 Sep 2021 09:21:21 GMT" skipped="0">
  <testcase classname="logintests.ComparisionTC" name="f" time="0.000"/>
</testsuite> <!-- logintests.ComparisionTC -->
